[debug] [2026-07-14T13:37:32.518Z] ----------------------------------------------------------------------
[debug] [2026-07-14T13:37:32.520Z] Command:       /Users/erezbashan/.nvm/versions/node/v24.13.0/bin/node /Users/erezbashan/.npm/_npx/ba4f1959e38407b5/node_modules/.bin/firebase init hosting
[debug] [2026-07-14T13:37:32.520Z] CLI Version:   15.23.0
[debug] [2026-07-14T13:37:32.520Z] Platform:      darwin
[debug] [2026-07-14T13:37:32.520Z] Node Version:  v24.13.0
[debug] [2026-07-14T13:37:32.520Z] Detected Agent: antigravity
[debug] [2026-07-14T13:37:32.520Z] Time:          Tue Jul 14 2026 16:37:32 GMT+0300 (Israel Daylight Time)
[debug] [2026-07-14T13:37:32.520Z] ----------------------------------------------------------------------
[debug] 
[info] 
     ######## #### ########  ######## ########     ###     ######  ########
     ##        ##  ##     ## ##       ##     ##  ##   ##  ##       ##
     ######    ##  ########  ######   ########  #########  ######  ######
     ##        ##  ##    ##  ##       ##     ## ##     ##       ## ##
     ##       #### ##     ## ######## ########  ##     ##  ######  ########

You're about to initialize a Firebase project in this directory:

  /Users/erezbashan/workspace/king-of-tokyo

[info] 
=== Project Setup
[info] 
[info] First, let's associate this project directory with a Firebase project.
[info] You can create multiple project aliases by running firebase use --add, 
[info] 
[info] No default project found. Continuing without a project in non interactive mode.
[info] 
=== Hosting Setup
[info] 
[info] Your public directory is the folder (relative to your project directory) that
[info] will contain Hosting assets to be uploaded with firebase deploy. If you
[info] have a build process for your assets, use your build's output directory.
[info] 
